Determining if the pthread_create exist failed with the following output:
Change Dir: /home/arktheshadow/ARK-Linux/Programming/ROS/ros-tutorial-practice/catkin_ws_new/build/CMakeFiles/CMakeTmp

Run Build Command:"/usr/bin/make" "cmTC_80aaa/fast"
/usr/bin/make -f CMakeFiles/cmTC_80aaa.dir/build.make CMakeFiles/cmTC_80aaa.dir/build
make[1]: Entering directory '/home/arktheshadow/ARK-Linux/Programming/ROS/ros-tutorial-practice/catkin_ws_new/build/CMakeFiles/CMakeTmp'
Building C object CMakeFiles/cmTC_80aaa.dir/CheckSymbolExists.c.o
/usr/bin/cc     -o CMakeFiles/cmTC_80aaa.dir/CheckSymbolExists.c.o   -c /home/arktheshadow/ARK-Linux/Programming/ROS/ros-tutorial-practice/catkin_ws_new/build/CMakeFiles/CMakeTmp/CheckSymbolExists.c
Linking C executable cmTC_80aaa
/usr/bin/cmake -E cmake_link_script CMakeFiles/cmTC_80aaa.dir/link.txt --verbose=1
/usr/bin/cc       CMakeFiles/cmTC_80aaa.dir/CheckSymbolExists.c.o  -o cmTC_80aaa -rdynamic 
CMakeFiles/cmTC_80aaa.dir/CheckSymbolExists.c.o: In function `main':
CheckSymbolExists.c:(.text+0x16): undefined reference to `pthread_create'
collect2: error: ld returned 1 exit status
CMakeFiles/cmTC_80aaa.dir/build.make:97: recipe for target 'cmTC_80aaa' failed
make[1]: *** [cmTC_80aaa] Error 1
make[1]: Leaving directory '/home/arktheshadow/ARK-Linux/Programming/ROS/ros-tutorial-practice/catkin_ws_new/build/CMakeFiles/CMakeTmp'
Makefile:126: recipe for target 'cmTC_80aaa/fast' failed
make: *** [cmTC_80aaa/fast] Error 2

File /home/arktheshadow/ARK-Linux/Programming/ROS/ros-tutorial-practice/catkin_ws_new/build/CMakeFiles/CMakeTmp/CheckSymbolExists.c:
/* */
#include <pthread.h>

int main(int argc, char** argv)
{
  (void)argv;
#ifndef pthread_create
  return ((int*)(&pthread_create))[argc];
#else
  (void)argc;
  return 0;
#endif
}

Determining if the function pthread_create exists in the pthreads failed with the following output:
Change Dir: /home/arktheshadow/ARK-Linux/Programming/ROS/ros-tutorial-practice/catkin_ws_new/build/CMakeFiles/CMakeTmp

Run Build Command:"/usr/bin/make" "cmTC_246db/fast"
/usr/bin/make -f CMakeFiles/cmTC_246db.dir/build.make CMakeFiles/cmTC_246db.dir/build
make[1]: Entering directory '/home/arktheshadow/ARK-Linux/Programming/ROS/ros-tutorial-practice/catkin_ws_new/build/CMakeFiles/CMakeTmp'
Building C object CMakeFiles/cmTC_246db.dir/CheckFunctionExists.c.o
/usr/bin/cc    -DCHECK_FUNCTION_EXISTS=pthread_create   -o CMakeFiles/cmTC_246db.dir/CheckFunctionExists.c.o   -c /usr/share/cmake-3.5/Modules/CheckFunctionExists.c
Linking C executable cmTC_246db
/usr/bin/cmake -E cmake_link_script CMakeFiles/cmTC_246db.dir/link.txt --verbose=1
/usr/bin/cc   -DCHECK_FUNCTION_EXISTS=pthread_create    CMakeFiles/cmTC_246db.dir/CheckFunctionExists.c.o  -o cmTC_246db -rdynamic -lpthreads 
/usr/bin/ld: cannot find -lpthreads
collect2: error: ld returned 1 exit status
CMakeFiles/cmTC_246db.dir/build.make:97: recipe for target 'cmTC_246db' failed
make[1]: *** [cmTC_246db] Error 1
make[1]: Leaving directory '/home/arktheshadow/ARK-Linux/Programming/ROS/ros-tutorial-practice/catkin_ws_new/build/CMakeFiles/CMakeTmp'
Makefile:126: recipe for target 'cmTC_246db/fast' failed
make: *** [cmTC_246db/fast] Error 2


